<?xml version="1.0" encoding="UTF-8"?>
<coverage generated="1749955823">
  <project timestamp="1749955823" name="Clover Coverage">
    <package name="Revolution\Sail\Backup\Console">
      <file name="/home/runner/work/sail-db-backup/sail-db-backup/src/Console/SailMySQLBackup.php">
        <class name="Revolution\Sail\Backup\Console\SailMySQLBackup" namespace="Revolution\Sail\Backup\Console">
          <metrics complexity="2" methods="2" coveredmethods="2" conditionals="0" coveredconditionals="0" statements="18" coveredstatements="18" elements="20" coveredelements="20"/>
        </class>
        <line num="32" type="method" name="__construct" visibility="public" complexity="1" crap="1" count="3"/>
        <line num="34" type="stmt" count="3"/>
        <line num="40" type="method" name="handle" visibility="public" complexity="1" crap="1" count="3"/>
        <line num="42" type="stmt" count="3"/>
        <line num="43" type="stmt" count="3"/>
        <line num="44" type="stmt" count="3"/>
        <line num="45" type="stmt" count="3"/>
        <line num="47" type="stmt" count="3"/>
        <line num="49" type="stmt" count="3"/>
        <line num="50" type="stmt" count="3"/>
        <line num="51" type="stmt" count="3"/>
        <line num="52" type="stmt" count="3"/>
        <line num="53" type="stmt" count="3"/>
        <line num="54" type="stmt" count="3"/>
        <line num="55" type="stmt" count="3"/>
        <line num="56" type="stmt" count="3"/>
        <line num="57" type="stmt" count="3"/>
        <line num="59" type="stmt" count="3"/>
        <line num="61" type="stmt" count="3"/>
        <line num="63" type="stmt" count="3"/>
        <metrics loc="66" ncloc="48" classes="1" methods="2" coveredmethods="2" conditionals="0" coveredconditionals="0" statements="18" coveredstatements="18" elements="20" coveredelements="20"/>
      </file>
    </package>
    <package name="Revolution\Sail\Backup">
      <file name="/home/runner/work/sail-db-backup/sail-db-backup/src/SailBackupServiceProvider.php">
        <class name="Revolution\Sail\Backup\SailBackupServiceProvider" namespace="Revolution\Sail\Backup">
          <metrics complexity="3" methods="1" coveredmethods="1" conditionals="0" coveredconditionals="0" statements="4" coveredstatements="4" elements="5" coveredelements="5"/>
        </class>
        <line num="12" type="method" name="boot" visibility="public" complexity="3" crap="3" count="3"/>
        <line num="14" type="stmt" count="3"/>
        <line num="15" type="stmt" count="3"/>
        <line num="16" type="stmt" count="3"/>
        <line num="17" type="stmt" count="3"/>
        <metrics loc="21" ncloc="21" classes="1" methods="1" coveredmethods="1" conditionals="0" coveredconditionals="0" statements="4" coveredstatements="4" elements="5" coveredelements="5"/>
      </file>
    </package>
    <metrics files="2" loc="87" ncloc="69" classes="2" methods="3" coveredmethods="3" conditionals="0" coveredconditionals="0" statements="22" coveredstatements="22" elements="25" coveredelements="25"/>
  </project>
</coverage>
